2026-04-21T00:59:26+00:00 CRITICAL Unable to create folder D:\Xampp 1.0\htdocs\mystore/wp-content/uploads/wpo_wcpdf/attachments/
2026-04-21T01:01:14+00:00 INFO Template setting migrated from D:/Xampp 1.0/htdocs/mystore/wp-content/plugins/woocommerce-pdf-invoices-packing-slips/templates/Simple to default/Simple
2026-04-21T01:01:37+00:00 CRITICAL WPO\IPS\Documents\SequentialNumberStore::init: Table 'mystore.wp_wcpdf_invoice_number' doesn't exist
Query: DESCRIBE wp_wcpdf_invoice_number;
2026-04-21T01:06:48+00:00 CRITICAL Error trying to generate document: #0 D:\Xampp 1.0\htdocs\mystore\wp-content\plugins\woocommerce-pdf-invoices-packing-slips\vendor\strauss\dompdf\dompdf\src\Adapter\CPDF.php(674): WPO\IPS\Vendor\Dompdf\Cpdf->addPngFromFile('file://D:\\Xampp...', 57.442913385827, 727.75417322835, 85.03937007874, 85.03937007874)
#1 D:\Xampp 1.0\htdocs\mystore\wp-content\plugins\woocommerce-pdf-invoices-packing-slips\vendor\strauss\dompdf\dompdf\src\Renderer\Image.php(63): WPO\IPS\Vendor\Dompdf\Adapter\CPDF->image('file://D:\\Xampp...', 57.442913385827, 29.096456692913, 85.03937007874, 85.03937007874, 'normal')
#2 D:\Xampp 1.0\htdocs\mystore\wp-content\plugins\woocommerce-pdf-invoices-packing-slips\vendor\strauss\dompdf\dompdf\src\Renderer.php(305): WPO\IPS\Vendor\Dompdf\Renderer\Image->render(Object(WPO\IPS\Vendor\Dompdf\FrameDecorator\Image))
#3 D:\Xampp 1.0\htdocs\mystore\wp-content\plugins\woocommerce-pdf-invoices-packing-slips\vendor\strauss\dompdf\dompdf\src\Renderer.php(140): WPO\IPS\Vendor\Dompdf\Renderer->_render_frame('image', Object(WPO\IPS\Vendor\Dompdf\FrameDecorator\Image))
#4 D:\Xampp 1.0\htdocs\mystore\wp-content\plugins\woocommerce-pdf-invoices-packing-slips\vendor\strauss\dompdf\dompdf\src\Renderer.php(207): WPO\IPS\Vendor\Dompdf\Renderer->render(Object(WPO\IPS\Vendor\Dompdf\FrameDecorator\Image))
#5 D:\Xampp 1.0\htdocs\mystore\wp-content\plugins\woocommerce-pdf-invoices-packing-slips\vendor\strauss\dompdf\dompdf\src\Renderer.php(207): WPO\IPS\Vendor\Dompdf\Renderer->render(Object(WPO\IPS\Vendor\Dompdf\FrameDecorator\TableCell))
#6 D:\Xampp 1.0\htdocs\mystore\wp-content\plugins\woocommerce-pdf-invoices-packing-slips\vendor\strauss\dompdf\dompdf\src\Renderer.php(207): WPO\IPS\Vendor\Dompdf\Renderer->render(Object(WPO\IPS\Vendor\Dompdf\FrameDecorator\TableRow))
#7 D:\Xampp 1.0\htdocs\mystore\wp-content\plugins\woocommerce-pdf-invoices-packing-slips\vendor\strauss\dompdf\dompdf\src\Renderer.php(207): WPO\IPS\Vendor\Dompdf\Renderer->render(Object(WPO\IPS\Vendor\Dompdf\FrameDecorator\TableRowGroup))
#8 D:\Xampp 1.0\htdocs\mystore\wp-content\plugins\woocommerce-pdf-invoices-packing-slips\vendor\strauss\dompdf\dompdf\src\Renderer.php(207): WPO\IPS\Vendor\Dompdf\Renderer->render(Object(WPO\IPS\Vendor\Dompdf\FrameDecorator\Table))
#9 D:\Xampp 1.0\htdocs\mystore\wp-content\plugins\woocommerce-pdf-invoices-packing-slips\vendor\strauss\dompdf\dompdf\src\FrameReflower\Page.php(148): WPO\IPS\Vendor\Dompdf\Renderer->render(Object(WPO\IPS\Vendor\Dompdf\FrameDecorator\Block))
#10 D:\Xampp 1.0\htdocs\mystore\wp-content\plugins\woocommerce-pdf-invoices-packing-slips\vendor\strauss\dompdf\dompdf\src\FrameDecorator\AbstractFrameDecorator.php(915): WPO\IPS\Vendor\Dompdf\FrameReflower\Page->reflow(NULL)
#11 D:\Xampp 1.0\htdocs\mystore\wp-content\plugins\woocommerce-pdf-invoices-packing-slips\vendor\strauss\dompdf\dompdf\src\Dompdf.php(817): WPO\IPS\Vendor\Dompdf\FrameDecorator\AbstractFrameDecorator->reflow()
#12 D:\Xampp 1.0\htdocs\mystore\wp-content\plugins\woocommerce-pdf-invoices-packing-slips\includes\Makers\PDFMaker.php(63): WPO\IPS\Vendor\Dompdf\Dompdf->render()
#13 D:\Xampp 1.0\htdocs\mystore\wp-content\plugins\woocommerce-pdf-invoices-packing-slips\includes\Documents\OrderDocument.php(1634): WPO\IPS\Makers\PDFMaker->output()
#14 D:\Xampp 1.0\htdocs\mystore\wp-content\plugins\woocommerce-pdf-invoices-packing-slips\includes\Settings.php(341): WPO\IPS\Documents\OrderDocument->preview_pdf()
#15 D:\Xampp 1.0\htdocs\mystore\wp-includes\class-wp-hook.php(341): WPO\IPS\Settings->ajax_preview('')
#16 D:\Xampp 1.0\htdocs\mystore\wp-includes\class-wp-hook.php(365): WP_Hook->apply_filters('', Array)
#17 D:\Xampp 1.0\htdocs\mystore\wp-includes\plugin.php(522): WP_Hook->do_action(Array)
#18 D:\Xampp 1.0\htdocs\mystore\wp-admin\admin-ajax.php(192): do_action('wp_ajax_wpo_wcp...')
#19 {main}
2026-04-21T01:07:41+00:00 CRITICAL Error trying to generate document: #0 D:\Xampp 1.0\htdocs\mystore\wp-content\plugins\woocommerce-pdf-invoices-packing-slips\vendor\strauss\dompdf\dompdf\src\Adapter\CPDF.php(674): WPO\IPS\Vendor\Dompdf\Cpdf->addPngFromFile('file://D:\\Xampp...', 57.442913385827, 727.75417322835, 85.03937007874, 85.03937007874)
#1 D:\Xampp 1.0\htdocs\mystore\wp-content\plugins\woocommerce-pdf-invoices-packing-slips\vendor\strauss\dompdf\dompdf\src\Renderer\Image.php(63): WPO\IPS\Vendor\Dompdf\Adapter\CPDF->image('file://D:\\Xampp...', 57.442913385827, 29.096456692913, 85.03937007874, 85.03937007874, 'normal')
#2 D:\Xampp 1.0\htdocs\mystore\wp-content\plugins\woocommerce-pdf-invoices-packing-slips\vendor\strauss\dompdf\dompdf\src\Renderer.php(305): WPO\IPS\Vendor\Dompdf\Renderer\Image->render(Object(WPO\IPS\Vendor\Dompdf\FrameDecorator\Image))
#3 D:\Xampp 1.0\htdocs\mystore\wp-content\plugins\woocommerce-pdf-invoices-packing-slips\vendor\strauss\dompdf\dompdf\src\Renderer.php(140): WPO\IPS\Vendor\Dompdf\Renderer->_render_frame('image', Object(WPO\IPS\Vendor\Dompdf\FrameDecorator\Image))
#4 D:\Xampp 1.0\htdocs\mystore\wp-content\plugins\woocommerce-pdf-invoices-packing-slips\vendor\strauss\dompdf\dompdf\src\Renderer.php(207): WPO\IPS\Vendor\Dompdf\Renderer->render(Object(WPO\IPS\Vendor\Dompdf\FrameDecorator\Image))
#5 D:\Xampp 1.0\htdocs\mystore\wp-content\plugins\woocommerce-pdf-invoices-packing-slips\vendor\strauss\dompdf\dompdf\src\Renderer.php(207): WPO\IPS\Vendor\Dompdf\Renderer->render(Object(WPO\IPS\Vendor\Dompdf\FrameDecorator\TableCell))
#6 D:\Xampp 1.0\htdocs\mystore\wp-content\plugins\woocommerce-pdf-invoices-packing-slips\vendor\strauss\dompdf\dompdf\src\Renderer.php(207): WPO\IPS\Vendor\Dompdf\Renderer->render(Object(WPO\IPS\Vendor\Dompdf\FrameDecorator\TableRow))
#7 D:\Xampp 1.0\htdocs\mystore\wp-content\plugins\woocommerce-pdf-invoices-packing-slips\vendor\strauss\dompdf\dompdf\src\Renderer.php(207): WPO\IPS\Vendor\Dompdf\Renderer->render(Object(WPO\IPS\Vendor\Dompdf\FrameDecorator\TableRowGroup))
#8 D:\Xampp 1.0\htdocs\mystore\wp-content\plugins\woocommerce-pdf-invoices-packing-slips\vendor\strauss\dompdf\dompdf\src\Renderer.php(207): WPO\IPS\Vendor\Dompdf\Renderer->render(Object(WPO\IPS\Vendor\Dompdf\FrameDecorator\Table))
#9 D:\Xampp 1.0\htdocs\mystore\wp-content\plugins\woocommerce-pdf-invoices-packing-slips\vendor\strauss\dompdf\dompdf\src\FrameReflower\Page.php(148): WPO\IPS\Vendor\Dompdf\Renderer->render(Object(WPO\IPS\Vendor\Dompdf\FrameDecorator\Block))
#10 D:\Xampp 1.0\htdocs\mystore\wp-content\plugins\woocommerce-pdf-invoices-packing-slips\vendor\strauss\dompdf\dompdf\src\FrameDecorator\AbstractFrameDecorator.php(915): WPO\IPS\Vendor\Dompdf\FrameReflower\Page->reflow(NULL)
#11 D:\Xampp 1.0\htdocs\mystore\wp-content\plugins\woocommerce-pdf-invoices-packing-slips\vendor\strauss\dompdf\dompdf\src\Dompdf.php(817): WPO\IPS\Vendor\Dompdf\FrameDecorator\AbstractFrameDecorator->reflow()
#12 D:\Xampp 1.0\htdocs\mystore\wp-content\plugins\woocommerce-pdf-invoices-packing-slips\includes\Makers\PDFMaker.php(63): WPO\IPS\Vendor\Dompdf\Dompdf->render()
#13 D:\Xampp 1.0\htdocs\mystore\wp-content\plugins\woocommerce-pdf-invoices-packing-slips\includes\Documents\OrderDocument.php(1634): WPO\IPS\Makers\PDFMaker->output()
#14 D:\Xampp 1.0\htdocs\mystore\wp-content\plugins\woocommerce-pdf-invoices-packing-slips\includes\Settings.php(341): WPO\IPS\Documents\OrderDocument->preview_pdf()
#15 D:\Xampp 1.0\htdocs\mystore\wp-includes\class-wp-hook.php(341): WPO\IPS\Settings->ajax_preview('')
#16 D:\Xampp 1.0\htdocs\mystore\wp-includes\class-wp-hook.php(365): WP_Hook->apply_filters('', Array)
#17 D:\Xampp 1.0\htdocs\mystore\wp-includes\plugin.php(522): WP_Hook->do_action(Array)
#18 D:\Xampp 1.0\htdocs\mystore\wp-admin\admin-ajax.php(192): do_action('wp_ajax_wpo_wcp...')
#19 {main}
2026-04-21T01:08:25+00:00 CRITICAL Error trying to generate document: #0 D:\Xampp 1.0\htdocs\mystore\wp-content\plugins\woocommerce-pdf-invoices-packing-slips\vendor\strauss\dompdf\dompdf\src\Adapter\CPDF.php(674): WPO\IPS\Vendor\Dompdf\Cpdf->addPngFromFile('file://D:\\Xampp...', 57.442913385827, 727.75417322835, 85.03937007874, 85.03937007874)
#1 D:\Xampp 1.0\htdocs\mystore\wp-content\plugins\woocommerce-pdf-invoices-packing-slips\vendor\strauss\dompdf\dompdf\src\Renderer\Image.php(63): WPO\IPS\Vendor\Dompdf\Adapter\CPDF->image('file://D:\\Xampp...', 57.442913385827, 29.096456692913, 85.03937007874, 85.03937007874, 'normal')
#2 D:\Xampp 1.0\htdocs\mystore\wp-content\plugins\woocommerce-pdf-invoices-packing-slips\vendor\strauss\dompdf\dompdf\src\Renderer.php(305): WPO\IPS\Vendor\Dompdf\Renderer\Image->render(Object(WPO\IPS\Vendor\Dompdf\FrameDecorator\Image))
#3 D:\Xampp 1.0\htdocs\mystore\wp-content\plugins\woocommerce-pdf-invoices-packing-slips\vendor\strauss\dompdf\dompdf\src\Renderer.php(140): WPO\IPS\Vendor\Dompdf\Renderer->_render_frame('image', Object(WPO\IPS\Vendor\Dompdf\FrameDecorator\Image))
#4 D:\Xampp 1.0\htdocs\mystore\wp-content\plugins\woocommerce-pdf-invoices-packing-slips\vendor\strauss\dompdf\dompdf\src\Renderer.php(207): WPO\IPS\Vendor\Dompdf\Renderer->render(Object(WPO\IPS\Vendor\Dompdf\FrameDecorator\Image))
#5 D:\Xampp 1.0\htdocs\mystore\wp-content\plugins\woocommerce-pdf-invoices-packing-slips\vendor\strauss\dompdf\dompdf\src\Renderer.php(207): WPO\IPS\Vendor\Dompdf\Renderer->render(Object(WPO\IPS\Vendor\Dompdf\FrameDecorator\TableCell))
#6 D:\Xampp 1.0\htdocs\mystore\wp-content\plugins\woocommerce-pdf-invoices-packing-slips\vendor\strauss\dompdf\dompdf\src\Renderer.php(207): WPO\IPS\Vendor\Dompdf\Renderer->render(Object(WPO\IPS\Vendor\Dompdf\FrameDecorator\TableRow))
#7 D:\Xampp 1.0\htdocs\mystore\wp-content\plugins\woocommerce-pdf-invoices-packing-slips\vendor\strauss\dompdf\dompdf\src\Renderer.php(207): WPO\IPS\Vendor\Dompdf\Renderer->render(Object(WPO\IPS\Vendor\Dompdf\FrameDecorator\TableRowGroup))
#8 D:\Xampp 1.0\htdocs\mystore\wp-content\plugins\woocommerce-pdf-invoices-packing-slips\vendor\strauss\dompdf\dompdf\src\Renderer.php(207): WPO\IPS\Vendor\Dompdf\Renderer->render(Object(WPO\IPS\Vendor\Dompdf\FrameDecorator\Table))
#9 D:\Xampp 1.0\htdocs\mystore\wp-content\plugins\woocommerce-pdf-invoices-packing-slips\vendor\strauss\dompdf\dompdf\src\FrameReflower\Page.php(148): WPO\IPS\Vendor\Dompdf\Renderer->render(Object(WPO\IPS\Vendor\Dompdf\FrameDecorator\Block))
#10 D:\Xampp 1.0\htdocs\mystore\wp-content\plugins\woocommerce-pdf-invoices-packing-slips\vendor\strauss\dompdf\dompdf\src\FrameDecorator\AbstractFrameDecorator.php(915): WPO\IPS\Vendor\Dompdf\FrameReflower\Page->reflow(NULL)
#11 D:\Xampp 1.0\htdocs\mystore\wp-content\plugins\woocommerce-pdf-invoices-packing-slips\vendor\strauss\dompdf\dompdf\src\Dompdf.php(817): WPO\IPS\Vendor\Dompdf\FrameDecorator\AbstractFrameDecorator->reflow()
#12 D:\Xampp 1.0\htdocs\mystore\wp-content\plugins\woocommerce-pdf-invoices-packing-slips\includes\Makers\PDFMaker.php(63): WPO\IPS\Vendor\Dompdf\Dompdf->render()
#13 D:\Xampp 1.0\htdocs\mystore\wp-content\plugins\woocommerce-pdf-invoices-packing-slips\includes\Documents\OrderDocument.php(1634): WPO\IPS\Makers\PDFMaker->output()
#14 D:\Xampp 1.0\htdocs\mystore\wp-content\plugins\woocommerce-pdf-invoices-packing-slips\includes\Settings.php(341): WPO\IPS\Documents\OrderDocument->preview_pdf()
#15 D:\Xampp 1.0\htdocs\mystore\wp-includes\class-wp-hook.php(341): WPO\IPS\Settings->ajax_preview('')
#16 D:\Xampp 1.0\htdocs\mystore\wp-includes\class-wp-hook.php(365): WP_Hook->apply_filters('', Array)
#17 D:\Xampp 1.0\htdocs\mystore\wp-includes\plugin.php(522): WP_Hook->do_action(Array)
#18 D:\Xampp 1.0\htdocs\mystore\wp-admin\admin-ajax.php(192): do_action('wp_ajax_wpo_wcp...')
#19 {main}
2026-04-21T01:08:38+00:00 CRITICAL Error trying to generate document: #0 D:\Xampp 1.0\htdocs\mystore\wp-content\plugins\woocommerce-pdf-invoices-packing-slips\vendor\strauss\dompdf\dompdf\src\Adapter\CPDF.php(674): WPO\IPS\Vendor\Dompdf\Cpdf->addPngFromFile('file://D:\\Xampp...', 57.442913385827, 810.79354330709, 2.0, 2.0)
#1 D:\Xampp 1.0\htdocs\mystore\wp-content\plugins\woocommerce-pdf-invoices-packing-slips\vendor\strauss\dompdf\dompdf\src\Renderer\Image.php(63): WPO\IPS\Vendor\Dompdf\Adapter\CPDF->image('file://D:\\Xampp...', 57.442913385827, 29.096456692913, 2.0, 2.0, 'normal')
#2 D:\Xampp 1.0\htdocs\mystore\wp-content\plugins\woocommerce-pdf-invoices-packing-slips\vendor\strauss\dompdf\dompdf\src\Renderer.php(305): WPO\IPS\Vendor\Dompdf\Renderer\Image->render(Object(WPO\IPS\Vendor\Dompdf\FrameDecorator\Image))
#3 D:\Xampp 1.0\htdocs\mystore\wp-content\plugins\woocommerce-pdf-invoices-packing-slips\vendor\strauss\dompdf\dompdf\src\Renderer.php(140): WPO\IPS\Vendor\Dompdf\Renderer->_render_frame('image', Object(WPO\IPS\Vendor\Dompdf\FrameDecorator\Image))
#4 D:\Xampp 1.0\htdocs\mystore\wp-content\plugins\woocommerce-pdf-invoices-packing-slips\vendor\strauss\dompdf\dompdf\src\Renderer.php(207): WPO\IPS\Vendor\Dompdf\Renderer->render(Object(WPO\IPS\Vendor\Dompdf\FrameDecorator\Image))
#5 D:\Xampp 1.0\htdocs\mystore\wp-content\plugins\woocommerce-pdf-invoices-packing-slips\vendor\strauss\dompdf\dompdf\src\Renderer.php(207): WPO\IPS\Vendor\Dompdf\Renderer->render(Object(WPO\IPS\Vendor\Dompdf\FrameDecorator\TableCell))
#6 D:\Xampp 1.0\htdocs\mystore\wp-content\plugins\woocommerce-pdf-invoices-packing-slips\vendor\strauss\dompdf\dompdf\src\Renderer.php(207): WPO\IPS\Vendor\Dompdf\Renderer->render(Object(WPO\IPS\Vendor\Dompdf\FrameDecorator\TableRow))
#7 D:\Xampp 1.0\htdocs\mystore\wp-content\plugins\woocommerce-pdf-invoices-packing-slips\vendor\strauss\dompdf\dompdf\src\Renderer.php(207): WPO\IPS\Vendor\Dompdf\Renderer->render(Object(WPO\IPS\Vendor\Dompdf\FrameDecorator\TableRowGroup))
#8 D:\Xampp 1.0\htdocs\mystore\wp-content\plugins\woocommerce-pdf-invoices-packing-slips\vendor\strauss\dompdf\dompdf\src\Renderer.php(207): WPO\IPS\Vendor\Dompdf\Renderer->render(Object(WPO\IPS\Vendor\Dompdf\FrameDecorator\Table))
#9 D:\Xampp 1.0\htdocs\mystore\wp-content\plugins\woocommerce-pdf-invoices-packing-slips\vendor\strauss\dompdf\dompdf\src\FrameReflower\Page.php(148): WPO\IPS\Vendor\Dompdf\Renderer->render(Object(WPO\IPS\Vendor\Dompdf\FrameDecorator\Block))
#10 D:\Xampp 1.0\htdocs\mystore\wp-content\plugins\woocommerce-pdf-invoices-packing-slips\vendor\strauss\dompdf\dompdf\src\FrameDecorator\AbstractFrameDecorator.php(915): WPO\IPS\Vendor\Dompdf\FrameReflower\Page->reflow(NULL)
#11 D:\Xampp 1.0\htdocs\mystore\wp-content\plugins\woocommerce-pdf-invoices-packing-slips\vendor\strauss\dompdf\dompdf\src\Dompdf.php(817): WPO\IPS\Vendor\Dompdf\FrameDecorator\AbstractFrameDecorator->reflow()
#12 D:\Xampp 1.0\htdocs\mystore\wp-content\plugins\woocommerce-pdf-invoices-packing-slips\includes\Makers\PDFMaker.php(63): WPO\IPS\Vendor\Dompdf\Dompdf->render()
#13 D:\Xampp 1.0\htdocs\mystore\wp-content\plugins\woocommerce-pdf-invoices-packing-slips\includes\Documents\OrderDocument.php(1634): WPO\IPS\Makers\PDFMaker->output()
#14 D:\Xampp 1.0\htdocs\mystore\wp-content\plugins\woocommerce-pdf-invoices-packing-slips\includes\Settings.php(341): WPO\IPS\Documents\OrderDocument->preview_pdf()
#15 D:\Xampp 1.0\htdocs\mystore\wp-includes\class-wp-hook.php(341): WPO\IPS\Settings->ajax_preview('')
#16 D:\Xampp 1.0\htdocs\mystore\wp-includes\class-wp-hook.php(365): WP_Hook->apply_filters('', Array)
#17 D:\Xampp 1.0\htdocs\mystore\wp-includes\plugin.php(522): WP_Hook->do_action(Array)
#18 D:\Xampp 1.0\htdocs\mystore\wp-admin\admin-ajax.php(192): do_action('wp_ajax_wpo_wcp...')
#19 {main}
2026-04-21T01:08:40+00:00 CRITICAL Error trying to generate document: #0 D:\Xampp 1.0\htdocs\mystore\wp-content\plugins\woocommerce-pdf-invoices-packing-slips\vendor\strauss\dompdf\dompdf\src\Adapter\CPDF.php(674): WPO\IPS\Vendor\Dompdf\Cpdf->addPngFromFile('file://D:\\Xampp...', 57.442913385827, 756.10062992126, 56.692913385827, 56.692913385827)
#1 D:\Xampp 1.0\htdocs\mystore\wp-content\plugins\woocommerce-pdf-invoices-packing-slips\vendor\strauss\dompdf\dompdf\src\Renderer\Image.php(63): WPO\IPS\Vendor\Dompdf\Adapter\CPDF->image('file://D:\\Xampp...', 57.442913385827, 29.096456692913, 56.692913385827, 56.692913385827, 'normal')
#2 D:\Xampp 1.0\htdocs\mystore\wp-content\plugins\woocommerce-pdf-invoices-packing-slips\vendor\strauss\dompdf\dompdf\src\Renderer.php(305): WPO\IPS\Vendor\Dompdf\Renderer\Image->render(Object(WPO\IPS\Vendor\Dompdf\FrameDecorator\Image))
#3 D:\Xampp 1.0\htdocs\mystore\wp-content\plugins\woocommerce-pdf-invoices-packing-slips\vendor\strauss\dompdf\dompdf\src\Renderer.php(140): WPO\IPS\Vendor\Dompdf\Renderer->_render_frame('image', Object(WPO\IPS\Vendor\Dompdf\FrameDecorator\Image))
#4 D:\Xampp 1.0\htdocs\mystore\wp-content\plugins\woocommerce-pdf-invoices-packing-slips\vendor\strauss\dompdf\dompdf\src\Renderer.php(207): WPO\IPS\Vendor\Dompdf\Renderer->render(Object(WPO\IPS\Vendor\Dompdf\FrameDecorator\Image))
#5 D:\Xampp 1.0\htdocs\mystore\wp-content\plugins\woocommerce-pdf-invoices-packing-slips\vendor\strauss\dompdf\dompdf\src\Renderer.php(207): WPO\IPS\Vendor\Dompdf\Renderer->render(Object(WPO\IPS\Vendor\Dompdf\FrameDecorator\TableCell))
#6 D:\Xampp 1.0\htdocs\mystore\wp-content\plugins\woocommerce-pdf-invoices-packing-slips\vendor\strauss\dompdf\dompdf\src\Renderer.php(207): WPO\IPS\Vendor\Dompdf\Renderer->render(Object(WPO\IPS\Vendor\Dompdf\FrameDecorator\TableRow))
#7 D:\Xampp 1.0\htdocs\mystore\wp-content\plugins\woocommerce-pdf-invoices-packing-slips\vendor\strauss\dompdf\dompdf\src\Renderer.php(207): WPO\IPS\Vendor\Dompdf\Renderer->render(Object(WPO\IPS\Vendor\Dompdf\FrameDecorator\TableRowGroup))
#8 D:\Xampp 1.0\htdocs\mystore\wp-content\plugins\woocommerce-pdf-invoices-packing-slips\vendor\strauss\dompdf\dompdf\src\Renderer.php(207): WPO\IPS\Vendor\Dompdf\Renderer->render(Object(WPO\IPS\Vendor\Dompdf\FrameDecorator\Table))
#9 D:\Xampp 1.0\htdocs\mystore\wp-content\plugins\woocommerce-pdf-invoices-packing-slips\vendor\strauss\dompdf\dompdf\src\FrameReflower\Page.php(148): WPO\IPS\Vendor\Dompdf\Renderer->render(Object(WPO\IPS\Vendor\Dompdf\FrameDecorator\Block))
#10 D:\Xampp 1.0\htdocs\mystore\wp-content\plugins\woocommerce-pdf-invoices-packing-slips\vendor\strauss\dompdf\dompdf\src\FrameDecorator\AbstractFrameDecorator.php(915): WPO\IPS\Vendor\Dompdf\FrameReflower\Page->reflow(NULL)
#11 D:\Xampp 1.0\htdocs\mystore\wp-content\plugins\woocommerce-pdf-invoices-packing-slips\vendor\strauss\dompdf\dompdf\src\Dompdf.php(817): WPO\IPS\Vendor\Dompdf\FrameDecorator\AbstractFrameDecorator->reflow()
#12 D:\Xampp 1.0\htdocs\mystore\wp-content\plugins\woocommerce-pdf-invoices-packing-slips\includes\Makers\PDFMaker.php(63): WPO\IPS\Vendor\Dompdf\Dompdf->render()
#13 D:\Xampp 1.0\htdocs\mystore\wp-content\plugins\woocommerce-pdf-invoices-packing-slips\includes\Documents\OrderDocument.php(1634): WPO\IPS\Makers\PDFMaker->output()
#14 D:\Xampp 1.0\htdocs\mystore\wp-content\plugins\woocommerce-pdf-invoices-packing-slips\includes\Settings.php(341): WPO\IPS\Documents\OrderDocument->preview_pdf()
#15 D:\Xampp 1.0\htdocs\mystore\wp-includes\class-wp-hook.php(341): WPO\IPS\Settings->ajax_preview('')
#16 D:\Xampp 1.0\htdocs\mystore\wp-includes\class-wp-hook.php(365): WP_Hook->apply_filters('', Array)
#17 D:\Xampp 1.0\htdocs\mystore\wp-includes\plugin.php(522): WP_Hook->do_action(Array)
#18 D:\Xampp 1.0\htdocs\mystore\wp-admin\admin-ajax.php(192): do_action('wp_ajax_wpo_wcp...')
#19 {main}
2026-04-21T01:34:49+00:00 CRITICAL WPO\IPS\Documents\SequentialNumberStore::init: Table 'mystore.wp_wcpdf_packing_slip_number' doesn't exist
Query: DESCRIBE wp_wcpdf_packing_slip_number;
